# JRE version: OpenJDK Runtime Environment (17.0.6) (build 17.0.6+0-b2043.56-10027231)
# Java VM: OpenJDK 64-Bit Server VM (17.0.6+0-b2043.56-10027231, mixed mode, tiered, compressed oops, compressed class ptrs, g1 gc, windows-amd64)
GC Precious Log:
 CPUs: 12 total, 12 available
 Memory: 8141M
 Large Page Support: Disabled
 NUMA Support: Disabled
 Compressed Oops: Enabled (32-bit)
 Heap Region Size: 1M
 Heap Min Capacity: 8M
 Heap Initial Capacity: 128M
 Heap Max Capacity: 2G
 Pre-touch: Disabled
 Parallel Workers: 10
 Concurrent Workers: 3
 Concurrent Refinement Workers: 10
 Periodic GC: Disabled
Heap:
 garbage-first heap   total 261120K, used 127992K [0x0000000080000000, 0x0000000100000000)
  region size 1024K, 2 young (2048K), 2 survivors (2048K)
 Metaspace       used 109725K, committed 110400K, reserved 1146880K
  class space    used 14534K, committed 14848K, reserved 1048576K
GC Heap History (20 events):
Event: 23.483 GC heap after
{Heap after GC invocations=43 (full 0):
 garbage-first heap   total 252928K, used 83926K [0x0000000080000000, 0x0000000100000000)
  region size 1024K, 2 young (2048K), 2 survivors (2048K)
 Metaspace       used 91729K, committed 92288K, reserved 1130496K
  class space    used 12403K, committed 12672K, reserved 1048576K
}
Event: 25.010 GC heap before
{Heap before GC invocations=43 (full 0):
 garbage-first heap   total 252928K, used 190422K [0x0000000080000000, 0x0000000100000000)
  region size 1024K, 106 young (108544K), 2 survivors (2048K)
 Metaspace       used 95230K, committed 95936K, reserved 1138688K
  class space    used 12964K, committed 13312K, reserved 1048576K
}
Event: 25.022 GC heap after
{Heap after GC invocations=44 (full 0):
 garbage-first heap   total 252928K, used 95415K [0x0000000080000000, 0x0000000100000000)
  region size 1024K, 13 young (13312K), 13 survivors (13312K)
 Metaspace       used 95230K, committed 95936K, reserved 1138688K
  class space    used 12964K, committed 13312K, reserved 1048576K
}
Event: 25.983 GC heap before
{Heap before GC invocations=44 (full 0):
 garbage-first heap   total 252928K, used 194743K [0x0000000080000000, 0x0000000100000000)
  region size 1024K, 108 young (110592K), 13 survivors (13312K)
 Metaspace       used 98421K, committed 99072K, reserved 1138688K
  class space    used 13363K, committed 13696K, reserved 1048576K
}
Event: 25.998 GC heap after
{Heap after GC invocations=45 (full 0):
 garbage-first heap   total 252928K, used 107255K [0x0000000080000000, 0x0000000100000000)
  region size 1024K, 10 young (10240K), 10 survivors (10240K)
 Metaspace       used 98421K, committed 99072K, reserved 1138688K
  class space    used 13363K, committed 13696K, reserved 1048576K
}
Event: 26.615 GC heap before
{Heap before GC invocations=45 (full 0):
 garbage-first heap   total 252928K, used 151287K [0x0000000080000000, 0x0000000100000000)
  region size 1024K, 55 young (56320K), 10 survivors (10240K)
 Metaspace       used 100172K, committed 100800K, reserved 1138688K
  class space    used 13550K, committed 13824K, reserved 1048576K
}
Event: 26.629 GC heap after
{Heap after GC invocations=46 (full 0):
 garbage-first heap   total 252928K, used 124587K [0x0000000080000000, 0x0000000100000000)
  region size 1024K, 13 young (13312K), 13 survivors (13312K)
 Metaspace       used 100172K, committed 100800K, reserved 1138688K
  class space    used 13550K, committed 13824K, reserved 1048576K
}
Event: 27.320 GC heap before
{Heap before GC invocations=47 (full 0):
 garbage-first heap   total 252928K, used 206507K [0x0000000080000000, 0x0000000100000000)
  region size 1024K, 69 young (70656K), 13 survivors (13312K)
 Metaspace       used 103226K, committed 103936K, reserved 1138688K
  class space    used 13913K, committed 14272K, reserved 1048576K
}
Event: 27.329 GC heap after
{Heap after GC invocations=48 (full 0):
 garbage-first heap   total 252928K, used 130358K [0x0000000080000000, 0x0000000100000000)
  region size 1024K, 6 young (6144K), 6 survivors (6144K)
 Metaspace       used 103226K, committed 103936K, reserved 1138688K
  class space    used 13913K, committed 14272K, reserved 1048576K
}
Event: 27.367 GC heap before
{Heap before GC invocations=48 (full 0):
 garbage-first heap   total 252928K, used 135478K [0x0000000080000000, 0x0000000100000000)
  region size 1024K, 12 young (12288K), 6 survivors (6144K)
 Metaspace       used 103551K, committed 104256K, reserved 1138688K
  class space    used 13951K, committed 14272K, reserved 1048576K
}
Event: 27.372 GC heap after
{Heap after GC invocations=49 (full 0):
 garbage-first heap   total 252928K, used 130156K [0x0000000080000000, 0x0000000100000000)
  region size 1024K, 2 young (2048K), 2 survivors (2048K)
 Metaspace       used 103551K, committed 104256K, reserved 1138688K
  class space    used 13951K, committed 14272K, reserved 1048576K
}
Event: 27.718 GC heap before
{Heap before GC invocations=49 (full 0):
 garbage-first heap   total 252928K, used 187500K [0x0000000080000000, 0x0000000100000000)
  region size 1024K, 59 young (60416K), 2 survivors (2048K)
 Metaspace       used 106137K, committed 106880K, reserved 1146880K
  class space    used 14185K, committed 14528K, reserved 1048576K
}
Event: 27.723 GC heap after
{Heap after GC invocations=50 (full 0):
 garbage-first heap   total 252928K, used 135349K [0x0000000080000000, 0x0000000100000000)
  region size 1024K, 7 young (7168K), 7 survivors (7168K)
 Metaspace       used 106137K, committed 106880K, reserved 1146880K
  class space    used 14185K, committed 14528K, reserved 1048576K
}
Event: 28.171 GC heap before
{Heap before GC invocations=50 (full 0):
 garbage-first heap   total 252928K, used 192693K [0x0000000080000000, 0x0000000100000000)
  region size 1024K, 64 young (65536K), 7 survivors (7168K)
 Metaspace       used 108747K, committed 109440K, reserved 1146880K
  class space    used 14440K, committed 14784K, reserved 1048576K
}
Event: 28.185 GC heap after
{Heap after GC invocations=51 (full 0):
 garbage-first heap   total 252928K, used 143717K [0x0000000080000000, 0x0000000100000000)
  region size 1024K, 8 young (8192K), 8 survivors (8192K)
 Metaspace       used 108747K, committed 109440K, reserved 1146880K
  class space    used 14440K, committed 14784K, reserved 1048576K
}
Event: 28.585 GC heap before
{Heap before GC invocations=51 (full 0):
 garbage-first heap   total 252928K, used 196965K [0x0000000080000000, 0x0000000100000000)
  region size 1024K, 61 young (62464K), 8 survivors (8192K)
 Metaspace       used 109137K, committed 109824K, reserved 1146880K
  class space    used 14455K, committed 14784K, reserved 1048576K
}
Event: 28.592 GC heap after
{Heap after GC invocations=52 (full 0):
 garbage-first heap   total 252928K, used 143151K [0x0000000080000000, 0x0000000100000000)
  region size 1024K, 5 young (5120K), 5 survivors (5120K)
 Metaspace       used 109137K, committed 109824K, reserved 1146880K
  class space    used 14455K, committed 14784K, reserved 1048576K
}
Event: 29.275 GC heap before
{Heap before GC invocations=53 (full 0):
 garbage-first heap   total 261120K, used 192303K [0x0000000080000000, 0x0000000100000000)
  region size 1024K, 60 young (61440K), 5 survivors (5120K)
 Metaspace       used 109391K, committed 110080K, reserved 1146880K
  class space    used 14479K, committed 14784K, reserved 1048576K
}
Event: 29.299 GC heap after
{Heap after GC invocations=54 (full 0):
 garbage-first heap   total 261120K, used 142068K [0x0000000080000000, 0x0000000100000000)
  region size 1024K, 7 young (7168K), 7 survivors (7168K)
 Metaspace       used 109391K, committed 110080K, reserved 1146880K
  class space    used 14479K, committed 14784K, reserved 1048576K
}
Event: 29.518 GC heap before
{Heap before GC invocations=54 (full 0):
 garbage-first heap   total 261120K, used 147188K [0x0000000080000000, 0x0000000100000000)
  region size 1024K, 12 young (12288K), 7 survivors (7168K)
 Metaspace       used 109725K, committed 110400K, reserved 1146880K
  class space    used 14534K, committed 14848K, reserved 1048576K
}

